<?xml version="1.0" encoding="UTF-8"?>
<testsuite xmlns:xsi="http://www.w3.org/2001/XMLSchema-instance" xsi:noNamespaceSchemaLocation="https://maven.apache.org/surefire/maven-surefire-plugin/xsd/surefire-test-report-3.0.xsd" version="3.0" name="es.toni.crypto.base64.Base64Test" time="0.035" tests="2" errors="0" skipped="0" failures="0">
  <properties>
[...]
</properties>
  <testcase name="cifrarBase64" classname="es.toni.crypto.base64.Base64Test" time="0.022"/>
  <testcase name="descifrarBase64" classname="es.toni.crypto.base64.Base64Test" time="0.001"/>
</testsuite>